Release 14.7 - xst P.20131013 (nt64)
Copyright (c) 1995-2013 Xilinx, Inc.  All rights reserved.
--> Parameter TMPDIR set to xst/projnav.tmp


Total REAL time to Xst completion: 1.00 secs
Total CPU time to Xst completion: 0.75 secs
 
--> Parameter xsthdpdir set to xst


Total REAL time to Xst completion: 1.00 secs
Total CPU time to Xst completion: 0.75 secs
 
--> Reading design: fsm.prj

TABLE OF CONTENTS
  1) Synthesis Options Summary
  2) HDL Parsing
  3) HDL Elaboration
  4) HDL Synthesis
       4.1) HDL Synthesis Report
  5) Advanced HDL Synthesis
       5.1) Advanced HDL Synthesis Report
  6) Low Level Synthesis
  7) Partition Report
  8) Design Summary
       8.1) Primitive and Black Box Usage
       8.2) Device utilization summary
       8.3) Partition Resource Summary
       8.4) Timing Report
            8.4.1) Clock Information
            8.4.2) Asynchronous Control Signals Information
            8.4.3) Timing Summary
            8.4.4) Timing Details
            8.4.5) Cross Clock Domains Report


=========================================================================
*                      Synthesis Options Summary                        *
=========================================================================
---- Source Parameters
Input File Name                    : "fsm.prj"
Ignore Synthesis Constraint File   : NO

---- Target Parameters
Output File Name                   : "fsm"
Output Format                      : NGC
Target Device                      : xc6slx16-3-csg324

---- Source Options
Top Module Name                    : fsm
Automatic FSM Extraction           : YES
FSM Encoding Algorithm             : Auto
Safe Implementation                : No
FSM Style                          : LUT
RAM Extraction                     : Yes
RAM Style                          : Auto
ROM Extraction                     : Yes
Shift Register Extraction          : YES
ROM Style                          : Auto
Resource Sharing                   : YES
Asynchronous To Synchronous        : NO
Shift Register Minimum Size        : 2
Use DSP Block                      : Auto
Automatic Register Balancing       : No

---- Target Options
LUT Combining                      : Auto
Reduce Control Sets                : Auto
Add IO Buffers                     : YES
Global Maximum Fanout              : 100000
Add Generic Clock Buffer(BUFG)     : 16
Register Duplication               : YES
Optimize Instantiated Primitives   : NO
Use Clock Enable                   : Auto
Use Synchronous Set                : Auto
Use Synchronous Reset              : Auto
Pack IO Registers into IOBs        : Auto
Equivalent register Removal        : YES

---- General Options
Optimization Goal                  : Speed
Optimization Effort                : 1
Power Reduction                    : NO
Keep Hierarchy                     : No
Netlist Hierarchy                  : As_Optimized
RTL Output                         : Yes
Global Optimization                : AllClockNets
Read Cores                         : YES
Write Timing Constraints           : NO
Cross Clock Analysis               : NO
Hierarchy Separator                : /
Bus Delimiter                      : <>
Case Specifier                     : Maintain
Slice Utilization Ratio            : 100
BRAM Utilization Ratio             : 100
DSP48 Utilization Ratio            : 100
Auto BRAM Packing                  : NO
Slice Utilization Ratio Delta      : 5

=========================================================================


=========================================================================
*                          HDL Parsing                                  *
=========================================================================
Analyzing Verilog file "C:\Users\Geli\Desktop\verilog\Digitales_Prueba1\fsm.v" into library work
Parsing module <fsm>.

=========================================================================
*                            HDL Elaboration                            *
=========================================================================

Elaborating module <fsm>.

=========================================================================
*                           HDL Synthesis                               *
=========================================================================

Synthesizing Unit <fsm>.
    Related source file is "C:\Users\Geli\Desktop\verilog\Digitales_Prueba1\fsm.v".
    Found 2-bit register for signal <state_reg>.
    Found finite state machine <FSM_0> for signal <state_reg>.
    -----------------------------------------------------------------------
    | States             | 4                                              |
    | Transitions        | 8                                              |
    | Inputs             | 4                                              |
    | Outputs            | 4                                              |
    | Clock              | clk (rising_edge)                              |
    | Reset              | rst (positive)                                 |
    | Reset type         | asynchronous                                   |
    | Reset State        | 00                                             |
    | Encoding           | auto                                           |
    | Implementation     | LUT                                            |
    -----------------------------------------------------------------------
    Summary:
	inferred   1 Finite State Machine(s).
Unit <fsm> synthesized.

=========================================================================
HDL Synthesis Report

Macro Statistics
# FSMs                                                 : 1

=========================================================================

=========================================================================
*                       Advanced HDL Synthesis                          *
=========================================================================


=========================================================================
Advanced HDL Synthesis Report

Macro Statistics
# FSMs                                                 : 1

=========================================================================

=========================================================================
*                         Low Level Synthesis                           *
=========================================================================
Analyzing FSM <MFsm> for best encoding.
Optimizing FSM <FSM_0> on signal <state_reg[1:2]> with user encoding.
-------------------
 State | Encoding
-------------------
 00    | 00
 01    | 01
 10    | 10
 11    | 11
-------------------

Optimizing unit <fsm> ...

Mapping all equations...
Building and optimizing final netlist ...
Found area constraint ratio of 100 (+ 5) on block fsm, actual ratio is 0.

Final Macro Processing ...

=========================================================================
Final Register Report

Macro Statistics
# Registers                                            : 2
 Flip-Flops                                            : 2

=========================================================================

=========================================================================
*                           Partition Report                            *
=========================================================================

Partition Implementation Status
-------------------------------

  No Partitions were found in this design.

-------------------------------

=========================================================================
*                            Design Summary                             *
=========================================================================

Top Level Output File Name         : fsm.ngc

Primitive and Black Box Usage:
------------------------------
# BELS                             : 2
#      LUT4                        : 1
#      LUT5                        : 1
# FlipFlops/Latches                : 2
#      FDC                         : 2
# Clock Buffers                    : 1
#      BUFGP                       : 1
# IO Buffers                       : 9
#      IBUF                        : 5
#      OBUF                        : 4

Device utilization summary:
---------------------------

Selected Device : 6slx16csg324-3 


Slice Logic Utilization: 
 Number of Slice Registers:               2  out of  18224     0%  
 Number of Slice LUTs:                    2  out of   9112     0%  
    Number used as Logic:                 2  out of   9112     0%  

Slice Logic Distribution: 
 Number of LUT Flip Flop pairs used:      4
   Number with an unused Flip Flop:       2  out of      4    50%  
   Number with an unused LUT:             2  out of      4    50%  
   Number of fully used LUT-FF pairs:     0  out of      4     0%  
   Number of unique control sets:         1

IO Utilization: 
 Number of IOs:                          10
 Number of bonded IOBs:                  10  out of    232     4%  

Specific Feature Utilization:
 Number of BUFG/BUFGCTRLs:                1  out of     16     6%  

---------------------------
Partition Resource Summary:
---------------------------

  No Partitions were found in this design.

---------------------------


=========================================================================
Timing Report

NOTE: THESE TIMING NUMBERS ARE ONLY A SYNTHESIS ESTIMATE.
      FOR ACCURATE TIMING INFORMATION PLEASE REFER TO THE TRACE REPORT
      GENERATED AFTER PLACE-and-ROUTE.

Clock Information:
------------------
-----------------------------------+------------------------+-------+
Clock Signal                       | Clock buffer(FF name)  | Load  |
-----------------------------------+------------------------+-------+
clk                                | BUFGP                  | 2     |
-----------------------------------+------------------------+-------+

Asynchronous Control Signals Information:
----------------------------------------
No asynchronous control signals found in this design

Timing Summary:
---------------
Speed Grade: -3

   Minimum period: 1.540ns (Maximum Frequency: 649.540MHz)
   Minimum input arrival time before clock: 2.488ns
   Maximum output required time after clock: 3.701ns
   Maximum combinational path delay: No path found

Timing Details:
---------------
All values displayed in nanoseconds (ns)

=========================================================================
Timing constraint: Default period analysis for Clock 'clk'
  Clock period: 1.540ns (frequency: 649.540MHz)
  Total number of paths / destination ports: 4 / 2
-------------------------------------------------------------------------
Delay:               1.540ns (Levels of Logic = 1)
  Source:            state_reg_FSM_FFd2 (FF)
  Destination:       state_reg_FSM_FFd2 (FF)
  Source Clock:      clk rising
  Destination Clock: clk rising

  Data Path: state_reg_FSM_FFd2 to state_reg_FSM_FFd2
                                Gate     Net
    Cell:in->out      fanout   Delay   Delay  Logical Name (Net Name)
    ----------------------------------------  ------------
     FDC:C->Q              4   0.447   0.788  state_reg_FSM_FFd2 (state_reg_FSM_FFd2)
     LUT5:I3->O            1   0.203   0.000  state_reg_FSM_FFd2-In1 (state_reg_FSM_FFd2-In)
     FDC:D                     0.102          state_reg_FSM_FFd2
    ----------------------------------------
    Total                      1.540ns (0.752ns logic, 0.788ns route)
                                       (48.8% logic, 51.2% route)

=========================================================================
Timing constraint: Default OFFSET IN BEFORE for Clock 'clk'
  Total number of paths / destination ports: 7 / 4
-------------------------------------------------------------------------
Offset:              2.488ns (Levels of Logic = 2)
  Source:            ac_alarma (PAD)
  Destination:       state_reg_FSM_FFd2 (FF)
  Destination Clock: clk rising

  Data Path: ac_alarma to state_reg_FSM_FFd2
                                Gate     Net
    Cell:in->out      fanout   Delay   Delay  Logical Name (Net Name)
    ----------------------------------------  ------------
     IBUF:I->O             2   1.222   0.961  ac_alarma_IBUF (ac_alarma_IBUF)
     LUT5:I0->O            1   0.203   0.000  state_reg_FSM_FFd2-In1 (state_reg_FSM_FFd2-In)
     FDC:D                     0.102          state_reg_FSM_FFd2
    ----------------------------------------
    Total                      2.488ns (1.527ns logic, 0.961ns route)
                                       (61.4% logic, 38.6% route)

=========================================================================
Timing constraint: Default OFFSET OUT AFTER for Clock 'clk'
  Total number of paths / destination ports: 4 / 4
-------------------------------------------------------------------------
Offset:              3.701ns (Levels of Logic = 1)
  Source:            state_reg_FSM_FFd1 (FF)
  Destination:       estado<1> (PAD)
  Source Clock:      clk rising

  Data Path: state_reg_FSM_FFd1 to estado<1>
                                Gate     Net
    Cell:in->out      fanout   Delay   Delay  Logical Name (Net Name)
    ----------------------------------------  ------------
     FDC:C->Q              4   0.447   0.683  state_reg_FSM_FFd1 (state_reg_FSM_FFd1)
     OBUF:I->O                 2.571          estado_1_OBUF (estado<1>)
    ----------------------------------------
    Total                      3.701ns (3.018ns logic, 0.683ns route)
                                       (81.6% logic, 18.4% route)

=========================================================================

Cross Clock Domains Report:
--------------------------

Clock to Setup on destination clock clk
---------------+---------+---------+---------+---------+
               | Src:Rise| Src:Fall| Src:Rise| Src:Fall|
Source Clock   |Dest:Rise|Dest:Rise|Dest:Fall|Dest:Fall|
---------------+---------+---------+---------+---------+
clk            |    1.540|         |         |         |
---------------+---------+---------+---------+---------+

=========================================================================


Total REAL time to Xst completion: 23.00 secs
Total CPU time to Xst completion: 23.02 secs
 
--> 

Total memory usage is 236108 kilobytes

Number of errors   :    0 (   0 filtered)
Number of warnings :    0 (   0 filtered)
Number of infos    :    0 (   0 filtered)

